Log file open, 12/14/21 16:22:15
LogWindows: Failed to load 'aqProf.dll' (GetLastError=126)
LogWindows: File 'aqProf.dll' does not exist
LogWindows: Failed to load 'VSPerf140.dll' (GetLastError=126)
LogWindows: File 'VSPerf140.dll' does not exist
LogWindows: Failed to load 'VtuneApi.dll' (GetLastError=126)
LogWindows: File 'VtuneApi.dll' does not exist
LogWindows: Failed to load 'VtuneApi32e.dll' (GetLastError=126)
LogWindows: File 'VtuneApi32e.dll' does not exist
LogInit: Display: Running engine for game: RunBall_A_E_Kromp
LogPlatformFile: Not using cached read wrapper
LogTaskGraph: Started task graph with 5 named threads and 35 total threads with 3 sets of task threads.
LogStats: Stats thread started at 0.552336
LogD3D11RHI: Loaded GFSDK_Aftermath_Lib.x64.dll
LogICUInternationalization: Display: ICU TimeZone Detection - Raw Offset: +1:00, Platform Override: ''
LogPluginManager: Mounting plugin Paper2D
LogPluginManager: Mounting plugin AISupport
LogPluginManager: Mounting plugin LightPropagationVolume
LogPluginManager: Mounting plugin CLionSourceCodeAccess
LogPluginManager: Mounting plugin CodeLiteSourceCodeAccess
LogPluginManager: Mounting plugin GitSourceControl
LogPluginManager: Mounting plugin KDevelopSourceCodeAccess
LogPluginManager: Mounting plugin NullSourceCodeAccess
LogPluginManager: Mounting plugin PerforceSourceControl
LogPluginManager: Mounting plugin SubversionSourceControl
LogPluginManager: Mounting plugin UObjectPlugin
LogPluginManager: Mounting plugin VisualStudioCodeSourceCodeAccess
LogPluginManager: Mounting plugin VisualStudioSourceCodeAccess
LogPluginManager: Mounting plugin XCodeSourceCodeAccess
LogPluginManager: Mounting plugin AssetManagerEditor
LogPluginManager: Mounting plugin CryptoKeys
LogPluginManager: Mounting plugin DataValidation
LogPluginManager: Mounting plugin FacialAnimation
LogPluginManager: Mounting plugin GameplayTagsEditor
LogPluginManager: Mounting plugin MacGraphicsSwitching
LogPluginManager: Mounting plugin MeshEditor
LogPluginManager: Mounting plugin MobileLauncherProfileWizard
LogPluginManager: Mounting plugin PluginBrowser
LogPluginManager: Mounting plugin SpeedTreeImporter
LogPluginManager: Mounting plugin DatasmithContent
LogPluginManager: Mounting plugin AlembicImporter
LogPluginManager: Mounting plugin AppleImageUtils
LogPluginManager: Mounting plugin AppleVision
LogPluginManager: Mounting plugin BackChannel
LogPluginManager: Mounting plugin CharacterAI
LogPluginManager: Mounting plugin GeometryCache
LogPluginManager: Mounting plugin HTML5Networking
LogPluginManager: Mounting plugin ProxyLODPlugin
LogPluginManager: Mounting plugin MagicLeap
LogPluginManager: Mounting plugin MagicLeapEmulator
LogPluginManager: Mounting plugin MagicLeapMedia
LogPluginManager: Mounting plugin AndroidMedia
LogPluginManager: Mounting plugin AvfMedia
LogPluginManager: Mounting plugin ImgMedia
LogPluginManager: Mounting plugin LinearTimecode
LogPluginManager: Mounting plugin MediaCompositing
LogPluginManager: Mounting plugin MediaPlayerEditor
LogPluginManager: Mounting plugin WmfMedia
LogPluginManager: Mounting plugin TcpMessaging
LogPluginManager: Mounting plugin UdpMessaging
LogPluginManager: Mounting plugin ActorSequence
LogPluginManager: Mounting plugin LevelSequenceEditor
LogPluginManager: Mounting plugin MatineeToLevelSequence
LogPluginManager: Mounting plugin NetcodeUnitTest
LogPluginManager: Mounting plugin NUTUnrealEngine4
LogPluginManager: Mounting plugin OnlineSubsystemGooglePlay
LogPluginManager: Mounting plugin OnlineSubsystemIOS
LogPluginManager: Mounting plugin OnlineSubsystem
LogPluginManager: Mounting plugin OnlineSubsystemNull
LogPluginManager: Mounting plugin OnlineSubsystemUtils
LogPluginManager: Mounting plugin LauncherChunkInstaller
LogPluginManager: Mounting plugin AndroidDeviceProfileSelector
LogPluginManager: Mounting plugin AndroidMoviePlayer
LogPluginManager: Mounting plugin AndroidPermission
LogPluginManager: Mounting plugin AppleMoviePlayer
LogPluginManager: Mounting plugin ArchVisCharacter
LogPluginManager: Mounting plugin AudioCapture
LogPluginManager: Mounting plugin CableComponent
LogPluginManager: Mounting plugin CustomMeshComponent
LogPluginManager: Mounting plugin EditableMesh
LogPluginManager: Mounting plugin ExampleDeviceProfileSelector
LogPluginManager: Mounting plugin GoogleCloudMessaging
LogPluginManager: Mounting plugin ImmediatePhysics
LogPluginManager: Mounting plugin IOSDeviceProfileSelector
LogPluginManager: Mounting plugin LinuxDeviceProfileSelector
LogPluginManager: Mounting plugin LocationServicesBPLibrary
LogPluginManager: Mounting plugin MobilePatchingUtils
LogPluginManager: Mounting plugin OculusVR
LogPluginManager: Plugin shader directory ../../../Engine/Plugins/Runtime/Oculus/OculusVR/Shaders found
LogPluginManager: Mapping shader source directory ../../../Engine/Plugins/Runtime/Oculus/OculusVR/Shaders to virtual directory /Plugin/OculusVR
LogPluginManager: Mounting plugin PhysXVehicles
LogPluginManager: Mounting plugin ProceduralMeshComponent
LogPluginManager: Mounting plugin RuntimePhysXCooking
LogPluginManager: Mounting plugin SteamVR
LogPluginManager: Mounting plugin WindowsMoviePlayer
LogStreaming: Display: Took  0.112s to configure plugins.
LogInit: Using libcurl 7.55.1-DEV
LogInit:  - built for x86_64-pc-win32
LogInit:  - supports SSL with OpenSSL/1.0.2h
LogInit:  - supports HTTP deflate (compression) using libz 1.2.8
LogInit:  - other features:
LogInit:      CURL_VERSION_SSL
LogInit:      CURL_VERSION_LIBZ
LogInit:      CURL_VERSION_IPV6
LogInit:      CURL_VERSION_ASYNCHDNS
LogInit:      CURL_VERSION_LARGEFILE
LogInit:      CURL_VERSION_IDN
LogInit:  CurlRequestOptions (configurable via config and command line):
LogInit:  - bVerifyPeer = false  - Libcurl will NOT verify peer certificate
LogInit:  - bUseHttpProxy = false  - Libcurl will NOT use HTTP proxy
LogInit:  - bDontReuseConnections = false  - Libcurl will reuse connections
LogInit:  - CertBundlePath = nullptr  - Libcurl will use whatever was configured at build time.
LogInit:  - MaxHostConnections = 16  - Libcurl will limit the number of connections to a host
LogInit:  - LocalHostAddr = Default
LogInit:  - BufferSize = 65536
LogInit: WinSock: version 1.1 (2.2), MaxSocks=32767, MaxUdp=65467
LogInit: Build: ++UE4+Release-4.20-CL-4369336
LogInit: Engine Version: 4.20.3-4369336+++UE4+Release-4.20
LogInit: Compatible Engine Version: 4.20.0-4212847+++UE4+Release-4.20
LogInit: Net CL: 4212847
LogInit: OS: Windows 10 (), CPU: Intel(R) Core(TM) i9-8950HK CPU @ 2.90GHz, GPU: Intel(R) UHD Graphics 630
LogInit: Compiled (64-bit): Sep 17 2018 12:26:19
LogInit: Compiled with Visual C++: 19.13.26129.00
LogInit: Build Configuration: Development
LogInit: Branch Name: ++UE4+Release-4.20
LogInit: Command Line:  
LogInit: Base Directory: C:/Program Files/Epic Games/UE_4.20/Engine/Binaries/Win64/
LogInit: Installed Engine Build: 1
LogDevObjectVersion: Number of dev versions registered: 20
LogDevObjectVersion:   Dev-Blueprints (B0D832E4-1F89-4F0D-ACCF-7EB736FD4AA2): 10
LogDevObjectVersion:   Dev-Build (E1C64328-A22C-4D53-A36C-8E866417BD8C): 0
LogDevObjectVersion:   Dev-Core (375EC13C-06E4-48FB-B500-84F0262A717E): 2
LogDevObjectVersion:   Dev-Editor (E4B068ED-F494-42E9-A231-DA0B2E46BB41): 24
LogDevObjectVersion:   Dev-Framework (CFFC743F-43B0-4480-9391-14DF171D2073): 34
LogDevObjectVersion:   Dev-Mobile (B02B49B5-BB20-44E9-A304-32B752E40360): 2
LogDevObjectVersion:   Dev-Networking (A4E4105C-59A1-49B5-A7C5-40C4547EDFEE): 0
LogDevObjectVersion:   Dev-Online (39C831C9-5AE6-47DC-9A44-9C173E1C8E7C): 0
LogDevObjectVersion:   Dev-Physics (78F01B33-EBEA-4F98-B9B4-84EACCB95AA2): 0
LogDevObjectVersion:   Dev-Platform (6631380F-2D4D-43E0-8009-CF276956A95A): 0
LogDevObjectVersion:   Dev-Rendering (12F88B9F-8875-4AFC-A67C-D90C383ABD29): 26
LogDevObjectVersion:   Dev-Sequencer (7B5AE74C-D270-4C10-A958-57980B212A5A): 9
LogDevObjectVersion:   Dev-VR (D7296918-1DD6-4BDD-9DE2-64A83CC13884): 2
LogDevObjectVersion:   Dev-LoadTimes (C2A15278-BFE7-4AFE-6C17-90FF531DF755): 1
LogDevObjectVersion:   Private-Geometry (6EACA3D4-40EC-4CC1-B786-8BED09428FC5): 3
LogDevObjectVersion:   Dev-AnimPhys (29E575DD-E0A3-4627-9D10-D276232CDCEA): 17
LogDevObjectVersion:   Dev-ReflectionCapture (6B266CEC-1EC7-4B8F-A30B-E4D90942FC07): 1
LogDevObjectVersion:   Dev-Automation (0DF73D61-A23F-47EA-B727-89E90C41499A): 1
LogDevObjectVersion:   FortniteMain (601D1886-AC64-4F84-AA16-D3DE0DEAC7D6): 12
LogDevObjectVersion:   Dev-Enterprise (9DFFBCD6-494F-0158-E221-12823C92A888): 1
LogStreaming: Display: Took  0.000s to delete old logs.
LogInit: Presizing for max 8388607 objects, including 0 objects not considered by GC, pre-allocating 0 bytes for permanent pool.
LogInit: Object subsystem initialized
[2021.12.14-15.22.15:842][  0]LogInit: Selected Device Profile: [Windows]
[2021.12.14-15.22.15:842][  0]LogInit: Applying CVar settings loaded from the selected device profile: [Windows]
[2021.12.14-15.22.15:856][  0]LogHAL: Display: Platform has ~ 32 GB [34077102080 / 34359738368 / 32], which maps to Largest [LargestMinGB=32, LargerMinGB=12, DefaultMinGB=8, SmallerMinGB=6, SmallestMinGB=0)
[2021.12.14-15.22.15:857][  0]LogInit: Setting Device Profile CVar: [[r.Vulkan.UseRealUBs:1]]
[2021.12.14-15.22.15:857][  0]LogInit: Going up to parent DeviceProfile []
[2021.12.14-15.22.15:857][  0]LogInit: Computer: DESKTOP-EOJO6M5
[2021.12.14-15.22.15:857][  0]LogInit: User: anusiak
[2021.12.14-15.22.15:857][  0]LogInit: CPU Page size=4096, Cores=6
[2021.12.14-15.22.15:857][  0]LogInit: High frequency timer resolution =10.000000 MHz
[2021.12.14-15.22.15:857][  0]LogMemory: Memory total: Physical=31.7GB (32GB approx)
[2021.12.14-15.22.15:857][  0]LogMemory: Platform Memory Stats for Windows
[2021.12.14-15.22.15:857][  0]LogMemory: Process Physical Memory: 102.99 MB used, 102.99 MB peak
[2021.12.14-15.22.15:857][  0]LogMemory: Process Virtual Memory: 86.17 MB used, 86.17 MB peak
[2021.12.14-15.22.15:857][  0]LogMemory: Physical Memory: 8314.67 MB used,  24183.79 MB free, 32498.46 MB total
[2021.12.14-15.22.15:857][  0]LogMemory: Virtual Memory: 4641.52 MB used,  24183.79 MB free, 134217728.00 MB total
[2021.12.14-15.22.15:897][  0]LogInit: Using OS detected language (pl-PL).
[2021.12.14-15.22.15:897][  0]LogInit: Using OS detected locale (pl-PL).
[2021.12.14-15.22.15:897][  0]LogTextLocalizationManager: No specific localization for 'pl-PL' exists, so the 'pl' localization will be used.
[2021.12.14-15.22.15:899][  0]LogStreaming: Display: Took  0.002s to InitEngineTextLocalization.
[2021.12.14-15.22.15:899][  0]LogInit: Setting process to per monitor DPI aware
[2021.12.14-15.22.15:941][  0]LogSlate: New Slate User Created.  User Index 0, Is Virtual User: 0
[2021.12.14-15.22.15:941][  0]LogSlate: Slate User Registered.  User Index 0, Is Virtual User: 0
[2021.12.14-15.22.16:187][  0]LogHMD: Failed to initialize OpenVR with code 110
[2021.12.14-15.22.16:187][  0]LogD3D11RHI: D3D11 adapters:
[2021.12.14-15.22.17:118][  0]LogD3D11RHI:    0. 'NVIDIA GeForce GTX 1050 Ti with Max-Q Design' (Feature Level 11_0)
[2021.12.14-15.22.17:118][  0]LogD3D11RHI:       4021/0/16249 MB DedicatedVideo/DedicatedSystem/SharedSystem, Outputs:1, VendorId:0x10de
[2021.12.14-15.22.17:149][  0]LogD3D11RHI:    1. 'Intel(R) UHD Graphics 630' (Feature Level 11_0)
[2021.12.14-15.22.17:149][  0]LogD3D11RHI:       128/0/16249 MB DedicatedVideo/DedicatedSystem/SharedSystem, Outputs:0, VendorId:0x8086
[2021.12.14-15.22.17:151][  0]LogD3D11RHI:    2. 'Microsoft Basic Render Driver' (Feature Level 11_0)
[2021.12.14-15.22.17:151][  0]LogD3D11RHI:       0/0/16249 MB DedicatedVideo/DedicatedSystem/SharedSystem, Outputs:0, VendorId:0x1414
[2021.12.14-15.22.17:151][  0]LogD3D11RHI: Chosen D3D11 Adapter: 0
[2021.12.14-15.22.17:158][  0]LogD3D11RHI: Creating new Direct3DDevice
[2021.12.14-15.22.17:158][  0]LogD3D11RHI:     GPU DeviceId: 0x1c8c (for the marketing name, search the web for "GPU Device Id")
[2021.12.14-15.22.17:158][  0]LogWindows: EnumDisplayDevices:
[2021.12.14-15.22.17:158][  0]LogWindows:    0. 'Intel(R) UHD Graphics 630' (P:1 D:1)
[2021.12.14-15.22.17:158][  0]LogWindows:    1. 'Intel(R) UHD Graphics 630' (P:0 D:0)
[2021.12.14-15.22.17:158][  0]LogWindows:    2. 'Intel(R) UHD Graphics 630' (P:0 D:0)
[2021.12.14-15.22.17:159][  0]LogWindows: DebugString: PrimaryIsNotTheChoosenAdapter PrimaryIsNotTheChoosenAdapter PrimaryIsNotTheChoosenAdapter FoundDriverCount:0 
[2021.12.14-15.22.17:159][  0]LogD3D11RHI:     Adapter Name: NVIDIA GeForce GTX 1050 Ti with Max-Q Design
[2021.12.14-15.22.17:159][  0]LogD3D11RHI:   Driver Version: Unknown (internal:Unknown, unified:Unknown)
[2021.12.14-15.22.17:159][  0]LogD3D11RHI:      Driver Date: Unknown
[2021.12.14-15.22.17:159][  0]LogRHI: Texture pool is 2814 MB (70% of 4021 MB)
[2021.12.14-15.22.17:232][  0]LogD3D11RHI: Async texture creation enabled
[2021.12.14-15.22.17:243][  0]LogD3D11RHI: GPU Timing Frequency: 1000.000000 (Debug: 2 1)
[2021.12.14-15.22.17:244][  0]LogShaderCompilers: Guid format shader working directory is -23 characters bigger than the processId version (../../../../../../Programowanie_Repozytoria/RunnBall/RunBall_A_E_Kromp/Intermediate/Shaders/WorkingDirectory/12104/).
[2021.12.14-15.22.17:244][  0]LogShaderCompilers: Cleaned the shader compiler working directory 'C:/Users/anusiak/AppData/Local/Temp/UnrealShaderWorkingDir/65DAB2C843B90B28AABA06952F6AADF3/'.
[2021.12.14-15.22.17:555][  0]LogTemp: Display: Loaded TP AllDesktopTargetPlatform
[2021.12.14-15.22.17:566][  0]LogTemp: Display: Loaded TP MacClientTargetPlatform
[2021.12.14-15.22.17:576][  0]LogTemp: Display: Loaded TP MacNoEditorTargetPlatform
[2021.12.14-15.22.17:587][  0]LogTemp: Display: Loaded TP MacServerTargetPlatform
[2021.12.14-15.22.17:598][  0]LogTemp: Display: Loaded TP MacTargetPlatform
[2021.12.14-15.22.17:609][  0]LogTemp: Display: Loaded TP WindowsClientTargetPlatform
[2021.12.14-15.22.17:620][  0]LogTemp: Display: Loaded TP WindowsNoEditorTargetPlatform
[2021.12.14-15.22.17:630][  0]LogTemp: Display: Loaded TP WindowsServerTargetPlatform
[2021.12.14-15.22.17:635][  0]LogTemp: Display: Loaded TP WindowsTargetPlatform
[2021.12.14-15.22.17:700][  0]LogTemp: Display: Loaded TP AndroidTargetPlatform
[2021.12.14-15.22.17:701][  0]LogTemp: Display: Loaded TP AndroidTargetPlatform
[2021.12.14-15.22.17:701][  0]LogTemp: Display: Loaded TP AndroidTargetPlatform
[2021.12.14-15.22.17:701][  0]LogTemp: Display: Loaded TP AndroidTargetPlatform
[2021.12.14-15.22.17:701][  0]LogTemp: Display: Loaded TP AndroidTargetPlatform
[2021.12.14-15.22.17:701][  0]LogTemp: Display: Loaded TP AndroidTargetPlatform
[2021.12.14-15.22.17:701][  0]LogTemp: Display: Loaded TP AndroidTargetPlatform
[2021.12.14-15.22.17:701][  0]LogTemp: Display: Loaded TP AndroidTargetPlatform
[2021.12.14-15.22.17:701][  0]LogTemp: Display: Loaded TP AndroidTargetPlatform
[2021.12.14-15.22.17:701][  0]LogTemp: Display: Loaded TP AndroidTargetPlatform
[2021.12.14-15.22.17:701][  0]LogTemp: Display: Loaded TP AndroidTargetPlatform
[2021.12.14-15.22.17:701][  0]LogTemp: Display: Loaded TP AndroidTargetPlatform
[2021.12.14-15.22.17:701][  0]LogTemp: Display: Loaded TP AndroidTargetPlatform
[2021.12.14-15.22.17:701][  0]LogTemp: Display: Loaded TP AndroidTargetPlatform
[2021.12.14-15.22.17:701][  0]LogTemp: Display: Loaded TP AndroidTargetPlatform
[2021.12.14-15.22.17:701][  0]LogTemp: Display: Loaded TP AndroidTargetPlatform
[2021.12.14-15.22.17:701][  0]LogTemp: Display: Loaded TP AndroidTargetPlatform
[2021.12.14-15.22.17:701][  0]LogTemp: Display: Loaded TP AndroidTargetPlatform
[2021.12.14-15.22.17:703][  0]LogTemp: Display: Loaded TP HTML5TargetPlatform
[2021.12.14-15.22.17:757][  0]LogTemp: Display: Loaded TP IOSTargetPlatform
[2021.12.14-15.22.17:757][  0]LogTemp: Display: Loaded TP IOSTargetPlatform
[2021.12.14-15.22.17:777][  0]LogTemp: Display: Loaded TP TVOSTargetPlatform
[2021.12.14-15.22.17:777][  0]LogTemp: Display: Loaded TP TVOSTargetPlatform
[2021.12.14-15.22.17:787][  0]LogTemp: Display: Loaded TP LinuxClientTargetPlatform
[2021.12.14-15.22.17:796][  0]LogTemp: Display: Loaded TP LinuxNoEditorTargetPlatform
[2021.12.14-15.22.17:807][  0]LogTemp: Display: Loaded TP LinuxServerTargetPlatform
[2021.12.14-15.22.17:816][  0]LogTemp: Display: Loaded TP LinuxTargetPlatform
[2021.12.14-15.22.17:823][  0]LogTemp: Display: Loaded TP LuminTargetPlatform
[2021.12.14-15.22.17:824][  0]LogTargetPlatformManager: Display: Building Assets For Windows
[2021.12.14-15.22.17:865][  0]LogXGEController: Cleaning working directory: C:/Users/anusiak/AppData/Local/Temp/UnrealXGEWorkingDir/
[2021.12.14-15.22.17:866][  0]LogXGEController: Cannot use XGE Controller as Incredibuild is not installed on this machine.
[2021.12.14-15.22.17:866][  0]LogShaderCompilers: Cannot use XGE Shader Compiler as Incredibuild is not installed on this machine.
[2021.12.14-15.22.17:866][  0]LogShaderCompilers: Display: Using Local Shader Compiler.
[2021.12.14-15.22.18:614][  0]LogDerivedDataCache: Display: Max Cache Size: 512 MB
[2021.12.14-15.22.18:661][  0]LogDerivedDataCache: Loaded boot cache 0.05s 87MB C:/Users/anusiak/AppData/Local/UnrealEngine/4.20/DerivedDataCache/Boot.ddc.
[2021.12.14-15.22.18:662][  0]LogDerivedDataCache: Display: Loaded Boot cache: C:/Users/anusiak/AppData/Local/UnrealEngine/4.20/DerivedDataCache/Boot.ddc
[2021.12.14-15.22.18:662][  0]LogDerivedDataCache: FDerivedDataBackendGraph:  Pak pak cache file ../../../../../../Programowanie_Repozytoria/RunnBall/RunBall_A_E_Kromp/DerivedDataCache/DDC.ddp not found, will not use a pak cache.
[2021.12.14-15.22.18:662][  0]LogDerivedDataCache: Unable to find inner node Pak for hierarchical cache Hierarchy.
[2021.12.14-15.22.18:662][  0]LogDerivedDataCache: FDerivedDataBackendGraph:  CompressedPak pak cache file ../../../../../../Programowanie_Repozytoria/RunnBall/RunBall_A_E_Kromp/DerivedDataCache/Compressed.ddp not found, will not use a pak cache.
[2021.12.14-15.22.18:662][  0]LogDerivedDataCache: Unable to find inner node CompressedPak for hierarchical cache Hierarchy.
[2021.12.14-15.22.18:674][  0]LogDerivedDataCache: Display: Pak cache opened for reading ../../../Engine/DerivedDataCache/Compressed.ddp.
[2021.12.14-15.22.18:685][  0]LogDerivedDataCache: Using Local data cache path C:/Users/anusiak/AppData/Local/UnrealEngine/Common/DerivedDataCache: Writable
[2021.12.14-15.22.18:685][  0]LogDerivedDataCache: Shared data cache path not found in *engine.ini, will not use an Shared cache.
[2021.12.14-15.22.18:685][  0]LogDerivedDataCache: Unable to find inner node Shared for hierarchical cache Hierarchy.
[2021.12.14-15.22.18:711][  0]LogMaterial: Verifying Global Shaders for PCD3D_SM5
[2021.12.14-15.22.18:713][  0]LogSlate: Using FreeType 2.6.0
[2021.12.14-15.22.18:713][  0]LogSlate: SlateFontServices - WITH_FREETYPE: 1, WITH_HARFBUZZ: 1
[2021.12.14-15.22.18:781][  0]LogAssetRegistry: FAssetRegistry took 0.0256 seconds to start up
[2021.12.14-15.22.19:038][  0]LogInit: Selected Device Profile: [Windows]
[2021.12.14-15.22.19:144][  0]LogSimplygon: Simplygon DLL not present - disabling.
[2021.12.14-15.22.19:147][  0]LogMeshReduction: Using SimplygonSwarm for distributed automatic mesh merging
[2021.12.14-15.22.19:147][  0]LogMeshReduction: Using ProxyLODMeshReduction for automatic mesh merging
[2021.12.14-15.22.19:147][  0]LogMeshReduction: Using QuadricMeshReduction for automatic static mesh reduction
[2021.12.14-15.22.19:147][  0]LogMeshReduction: No automatic skeletal mesh reduction module available
[2021.12.14-15.22.19:164][  0]LogNetVersion: RunBall_A_E_Kromp 1.0.0, NetCL: 4212847, EngineNetVer: 5, GameNetVer: 0 (Checksum: 3217406774)
[2021.12.14-15.22.19:570][  0]LogPackageLocalizationCache: Processed 11 localized package path(s) for 2 prioritized culture(s) in 0.056846 seconds
[2021.12.14-15.22.19:574][  0]LogUObjectArray: 38425 objects as part of root set at end of initial load.
[2021.12.14-15.22.19:574][  0]LogUObjectAllocator: 6690864 out of 0 bytes used by permanent object pool.
[2021.12.14-15.22.19:574][  0]LogUObjectArray: CloseDisregardForGC: 0/0 objects in disregard for GC pool
[2021.12.14-15.22.20:301][  0]LogTcpMessaging: Initializing TcpMessaging bridge
[2021.12.14-15.22.20:317][  0]LogUdpMessaging: Initializing bridge on interface 0.0.0.0:0 to multicast group 230.0.0.1:6666.
[2021.12.14-15.22.20:464][  0]SourceControl: Source control is disabled
[2021.12.14-15.22.20:464][  0]SourceControl: Source control is disabled
[2021.12.14-15.22.20:465][  0]SourceControl: Source control is disabled
[2021.12.14-15.22.20:466][  0]SourceControl: Source control is disabled
[2021.12.14-15.22.20:631][  0]LogAndroidPermission: UAndroidPermissionCallbackProxy::GetInstance
[2021.12.14-15.22.20:702][  0]LogOcInput: OculusInput pre-init called
[2021.12.14-15.22.20:750][  0]LogEngine: Initializing Engine...
[2021.12.14-15.22.20:751][  0]LogHMD: Failed to initialize OpenVR with code 110
[2021.12.14-15.22.20:752][  0]LogStats: UGameplayTagsManager::ConstructGameplayTagTree: ImportINI prefixes -  0.000 s
[2021.12.14-15.22.20:752][  0]LogStats: UGameplayTagsManager::ConstructGameplayTagTree: Construct from data asset -  0.000 s
[2021.12.14-15.22.20:753][  0]LogStats: UGameplayTagsManager::ConstructGameplayTagTree: ImportINI -  0.000 s
[2021.12.14-15.22.20:753][  0]LogStats: UGameplayTagsManager::ConstructGameplayTagTree: GameplayTagTreeChangedEvent.Broadcast -  0.000 s
[2021.12.14-15.22.20:924][  0]LogInit: Initializing FReadOnlyCVARCache
[2021.12.14-15.22.20:932][  0]LogAIModule: Creating AISystem for world Untitled
[2021.12.14-15.22.20:959][  0]LogInit: XAudio2 using 'Speakers/Headphones (Realtek(R) Audio)' : 2 channels at 48 kHz using 32 bits per sample (channel mask 0x3)
[2021.12.14-15.22.21:713][  0]LogInit: FAudioDevice initialized.
[2021.12.14-15.22.21:714][  0]LogNetVersion: Set ProjectVersion to 1.0.0.0. Version Checksum will be recalculated on next use.
[2021.12.14-15.22.21:762][  0]LogDerivedDataCache: Saved boot cache 0.05s 87MB C:/Users/anusiak/AppData/Local/UnrealEngine/4.20/DerivedDataCache/Boot.ddc.
[2021.12.14-15.22.21:765][  0]LogInit: Texture streaming: Enabled
[2021.12.14-15.22.21:778][  0]LogEngineSessionManager: EngineSessionManager initialized
[2021.12.14-15.22.21:788][  0]LogInit: Transaction tracking system initialized
[2021.12.14-15.22.21:800][  0]BlueprintLog: New page: Editor Load
[2021.12.14-15.22.21:848][  0]LocalizationService: Localization service is disabled
[2021.12.14-15.22.22:078][  0]LogCook: Display: Max memory allowance for cook 16384mb min free memory 0mb
[2021.12.14-15.22.22:078][  0]LogCook: Display: Mobile HDR setting 1
[2021.12.14-15.22.22:078][  0]LogGameplayTags: Display: UGameplayTagsManager::DoneAddingNativeTags. DelegateIsBound: 0
[2021.12.14-15.22.22:078][  0]LogStats: UGameplayTagsManager::ConstructGameplayTagTree: ImportINI prefixes -  0.000 s
[2021.12.14-15.22.22:078][  0]LogStats: UGameplayTagsManager::ConstructGameplayTagTree: Construct from data asset -  0.000 s
[2021.12.14-15.22.22:078][  0]LogStats: UGameplayTagsManager::ConstructGameplayTagTree: ImportINI -  0.000 s
[2021.12.14-15.22.22:078][  0]LogStats: UGameplayTagsManager::ConstructGameplayTagTree: GameplayTagTreeChangedEvent.Broadcast -  0.000 s
[2021.12.14-15.22.22:128][  0]LogFileCache: Scanning file cache for directory 'C:/Programowanie_Repozytoria/RunnBall/RunBall_A_E_Kromp/Content/' took 0.01s
[2021.12.14-15.22.22:128][  0]LogLinker: Warning: Can't find file '/Game/PhysicalMaterials/PhysMat_Water'
[2021.12.14-15.22.22:128][  0]LogLinker: Warning: Can't find file for asset '/Game/PhysicalMaterials/PhysMat_Water' while loading ../../../Engine/Content/BasicShapes/Plane.uasset.
[2021.12.14-15.22.22:128][  0]LoadErrors: Error: /Engine/BasicShapes/Plane : Can't find file for asset. /Game/PhysicalMaterials/PhysMat_Water
[2021.12.14-15.22.22:129][  0]LogLinker: Warning: Can't find file '/Game/PhysicalMaterials/PhysMat_Water'
[2021.12.14-15.22.22:129][  0]LogLinker: Warning: Can't find file for asset '/Game/PhysicalMaterials/PhysMat_Water' while loading ../../../Engine/Content/BasicShapes/Plane.uasset.
[2021.12.14-15.22.22:129][  0]LoadErrors: Error: /Engine/BasicShapes/Plane : Can't find file for asset. /Game/PhysicalMaterials/PhysMat_Water
[2021.12.14-15.22.22:129][  0]LogLinker: Warning: Can't find file '/Game/PhysicalMaterials/PhysMat_Water'
[2021.12.14-15.22.22:129][  0]LoadErrors: Failed to load /Game/PhysicalMaterials/PhysMat_Water.PhysMat_Water Referenced by BodySetup_1
[2021.12.14-15.22.22:129][  0]LogLinker: Warning: Can't find file for asset '/Game/PhysicalMaterials/PhysMat_Water' while loading NULL.
[2021.12.14-15.22.22:129][  0]LoadErrors: Failed to load /Game/PhysicalMaterials/PhysMat_Water.PhysMat_Water Referenced by BodySetup_1
[2021.12.14-15.22.22:172][  0]SourceControl: Source control is disabled
[2021.12.14-15.22.22:172][  0]Cmd: MAP LOAD FILE="../../../../../../Programowanie_Repozytoria/RunnBall/RunBall_A_E_Kromp/Content/StarterContent/Levels/MainLevel.umap" TEMPLATE=0 SHOWPROGRESS=1 FEATURELEVEL=3
[2021.12.14-15.22.22:173][  0]LightingResults: New page: Lighting Build
[2021.12.14-15.22.22:174][  0]MapCheck: New page: Map Check
[2021.12.14-15.22.22:174][  0]LightingResults: New page: Lighting Build
[2021.12.14-15.22.22:412][  0]LogAIModule: Creating AISystem for world MainLevel
[2021.12.14-15.22.22:423][  0]LogEditorServer: Finished looking for orphan Actors (0.000 secs)
[2021.12.14-15.22.22:446][  0]Cmd: MAP CHECKDEP NOCLEARLOG
[2021.12.14-15.22.22:536][  0]MapCheck: Map check complete: 0 Error(s), 0 Warning(s), took 90,225ms to complete.
[2021.12.14-15.22.22:536][  0]LogFileHelpers: Loading map 'MainLevel' took 0.363
[2021.12.14-15.22.22:651][  0]LogSlate: Updating window title bar state: overlay mode, drag disabled, window buttons hidden, title bar hidden
[2021.12.14-15.22.22:658][  0]LogSlate: Updating window title bar state: overlay mode, drag disabled, window buttons hidden, title bar hidden
[2021.12.14-15.22.22:665][  0]LogSlate: Updating window title bar state: overlay mode, drag disabled, window buttons hidden, title bar hidden
[2021.12.14-15.22.22:671][  0]LogSlate: Updating window title bar state: overlay mode, drag disabled, window buttons hidden, title bar hidden
[2021.12.14-15.22.22:676][  0]LogCollectionManager: Loaded 0 collections in 0.000789 seconds
[2021.12.14-15.22.22:715][  0]LogFileCache: Scanning file cache for directory 'C:/Programowanie_Repozytoria/RunnBall/RunBall_A_E_Kromp/Saved/Collections/' took 0.01s
[2021.12.14-15.22.22:715][  0]LogFileCache: Scanning file cache for directory 'C:/Programowanie_Repozytoria/RunnBall/RunBall_A_E_Kromp/Content/Developers/anusiak/Collections/' took 0.01s
[2021.12.14-15.22.22:715][  0]LogFileCache: Scanning file cache for directory 'C:/Programowanie_Repozytoria/RunnBall/RunBall_A_E_Kromp/Content/Collections/' took 0.01s
[2021.12.14-15.22.22:715][  0]LogCollectionManager: Rebuilt the GUID cache for 0 collections in 0.000000 seconds
[2021.12.14-15.22.22:723][  0]LogContentBrowser: Native class hierarchy populated in 0.0078 seconds. Added 2572 classes and 603 folders.
[2021.12.14-15.22.22:727][  0]LogContentBrowser: Native class hierarchy updated for 'WidgetCarousel' in 0.0002 seconds. Added 0 classes and 0 folders.
[2021.12.14-15.22.22:772][  0]LogContentBrowser: Native class hierarchy updated for 'AddContentDialog' in 0.0002 seconds. Added 0 classes and 0 folders.
[2021.12.14-15.22.22:775][  0]LogContentBrowser: Native class hierarchy updated for 'SceneOutliner' in 0.0002 seconds. Added 1 classes and 2 folders.
[2021.12.14-15.22.22:835][  0]LogSlate: Took 0.000222 seconds to synchronously load lazily loaded font '../../../Engine/Content/Slate/Fonts/Roboto-Regular.ttf' (155K)
[2021.12.14-15.22.22:838][  0]LogSlate: Took 0.000227 seconds to synchronously load lazily loaded font '../../../Engine/Content/Slate/Fonts/Roboto-Bold.ttf' (160K)
[2021.12.14-15.22.22:844][  0]LogSlate: Took 0.000397 seconds to synchronously load lazily loaded font '../../../Engine/Content/Editor/Slate/Fonts/FontAwesome.ttf' (139K)
[2021.12.14-15.22.22:914][  0]LogRenderer: Reallocating scene render targets to support 1020x544 Format 10 NumSamples 1 (Frame:1).
[2021.12.14-15.22.23:073][  0]LogContentBrowser: Native class hierarchy updated for 'HierarchicalLODOutliner' in 0.0002 seconds. Added 0 classes and 0 folders.
[2021.12.14-15.22.23:073][  0]LogLoad: (Engine Initialization) Total time: 9.24 seconds
[2021.12.14-15.22.23:073][  0]LogLoad: (Engine Initialization) Total Blueprint compile time: 0.00 seconds
[2021.12.14-15.22.23:107][  0]LogContentStreaming: Texture pool size now 1000 MB
[2021.12.14-15.22.23:113][  0]LogSlate: FSceneViewport::OnFocusLost() reason 2
[2021.12.14-15.22.23:207][  0]LogSlate: Took 0.000303 seconds to synchronously load lazily loaded font '../../../Engine/Content/Slate/Fonts/Roboto-Light.ttf' (167K)
[2021.12.14-15.22.23:233][  1]LogAssetRegistry: Asset discovery search completed in 4.4747 seconds
[2021.12.14-15.22.23:234][  1]LogCollectionManager: Rebuilt the object cache for 0 collections in 0.000000 seconds (found 0 objects)
[2021.12.14-15.22.23:234][  1]LogCollectionManager: Fixed up redirectors for 0 collections in 0.000046 seconds (updated 0 objects)
[2021.12.14-15.22.24:096][100]LogSlate: Took 0.000189 seconds to synchronously load lazily loaded font '../../../Engine/Content/Slate/Fonts/Roboto-Light.ttf' (167K)
[2021.12.14-15.22.28:904][663]LogSlate: Window 'Message Log' being destroyed
[2021.12.14-15.22.28:913][663]LogSlate: Window 'Message Log' being destroyed
[2021.12.14-15.23.11:450][807]LogSlate: FSceneViewport::OnFocusLost() reason 0
[2021.12.14-15.23.11:527][809]LogTemp: Repeating last play command: Selected Viewport
[2021.12.14-15.23.11:538][809]LogBlueprintUserMessages: Early PlayInEditor Detection: Level '/Game/StarterContent/Levels/MainLevel.MainLevel:PersistentLevel' has LevelScriptBlueprint '/Game/StarterContent/Levels/MainLevel.MainLevel:PersistentLevel.MainLevel' with GeneratedClass '/Game/StarterContent/Levels/MainLevel.MainLevel_C' with ClassGeneratedBy '/Game/StarterContent/Levels/MainLevel.MainLevel:PersistentLevel.MainLevel'
[2021.12.14-15.23.11:539][809]LogPlayLevel: PlayLevel: No blueprints needed recompiling
[2021.12.14-15.23.11:552][809]PIE: New page: PIE session: MainLevel (14 gru 2021, 17:23:11)
[2021.12.14-15.23.11:552][809]LogPlayLevel: Creating play world package: /Game/StarterContent/Levels/UEDPIE_0_MainLevel
[2021.12.14-15.23.11:561][809]LogPlayLevel: PIE: StaticDuplicateObject took: (0.009281s)
[2021.12.14-15.23.11:561][809]LogAIModule: Creating AISystem for world MainLevel
[2021.12.14-15.23.11:561][809]LogPlayLevel: PIE: World Init took: (0.000518s)
[2021.12.14-15.23.11:561][809]LogPlayLevel: PIE: Created PIE world by copying editor world from /Game/StarterContent/Levels/MainLevel.MainLevel to /Game/StarterContent/Levels/UEDPIE_0_MainLevel.MainLevel (0.009931s)
[2021.12.14-15.23.11:588][809]LogInit: XAudio2 using 'Speakers/Headphones (Realtek(R) Audio)' : 2 channels at 48 kHz using 32 bits per sample (channel mask 0x3)
[2021.12.14-15.23.11:668][809]LogInit: FAudioDevice initialized.
[2021.12.14-15.23.11:711][809]LogLoad: Game class is 'BP_GameMode_C'
[2021.12.14-15.23.11:714][809]LogWorld: Bringing World /Game/StarterContent/Levels/UEDPIE_0_MainLevel.MainLevel up for play (max tick rate 0) at 2021.12.14-16.23.11
[2021.12.14-15.23.11:718][809]LogWorld: Bringing up level for play took: 0.005031
[2021.12.14-15.23.11:733][809]LogContentBrowser: Native class hierarchy updated for 'MovieSceneCapture' in 0.0003 seconds. Added 10 classes and 0 folders.
[2021.12.14-15.23.11:733][809]PIE: Play in editor start time for /Game/StarterContent/Levels/UEDPIE_0_MainLevel -0,351
[2021.12.14-15.23.11:733][809]LogBlueprintUserMessages: Late PlayInEditor Detection: Level '/Game/StarterContent/Levels/MainLevel.MainLevel:PersistentLevel' has LevelScriptBlueprint '/Game/StarterContent/Levels/MainLevel.MainLevel:PersistentLevel.MainLevel' with GeneratedClass '/Game/StarterContent/Levels/MainLevel.MainLevel_C' with ClassGeneratedBy '/Game/StarterContent/Levels/MainLevel.MainLevel:PersistentLevel.MainLevel'
[2021.12.14-15.23.38:656][ 49]LogBlueprintUserMessages: Early EndPlayMap Detection: Level '/Game/StarterContent/Levels/MainLevel.MainLevel:PersistentLevel' has LevelScriptBlueprint '/Game/StarterContent/Levels/MainLevel.MainLevel:PersistentLevel.MainLevel' with GeneratedClass '/Game/StarterContent/Levels/MainLevel.MainLevel_C' with ClassGeneratedBy '/Game/StarterContent/Levels/MainLevel.MainLevel:PersistentLevel.MainLevel'
[2021.12.14-15.23.38:656][ 49]LogSlate: Updating window title bar state: overlay mode, drag disabled, window buttons hidden, title bar hidden
[2021.12.14-15.23.38:688][ 49]LogPlayLevel: Display: Shutting down PIE online subsystems
[2021.12.14-15.23.38:689][ 49]LogBlueprintUserMessages: Late EndPlayMap Detection: Level '/Game/StarterContent/Levels/MainLevel.MainLevel:PersistentLevel' has LevelScriptBlueprint '/Game/StarterContent/Levels/MainLevel.MainLevel:PersistentLevel.MainLevel' with GeneratedClass '/Game/StarterContent/Levels/MainLevel.MainLevel_C' with ClassGeneratedBy '/Game/StarterContent/Levels/MainLevel.MainLevel:PersistentLevel.MainLevel'
[2021.12.14-15.23.38:711][ 49]LogSlate: Updating window title bar state: overlay mode, drag disabled, window buttons hidden, title bar hidden
[2021.12.14-15.23.38:752][ 54]LogPlayLevel: Display: Destroying online subsystem :Context_1
[2021.12.14-15.23.48:165][546]LogEditorViewport: Clicking on Actor (LMB): StaticMeshActor (platform_base2)
[2021.12.14-15.23.51:602][741]LogEditorViewport: Clicking on Actor (LMB): StaticMeshActor (most_2)
[2021.12.14-15.23.56:259][971]LogEditorViewport: Clicking on Actor (LMB): StaticMeshActor (platform_base2)
[2021.12.14-15.24.21:282][847]LogEditorViewport: Clicking on Actor (LMB): StaticMeshActor (platform_base)
[2021.12.14-15.24.25:659][978]LogSlate: FSceneViewport::OnFocusLost() reason 0
[2021.12.14-15.24.59:920][350]LogSlate: FSceneViewport::OnFocusLost() reason 0
[2021.12.14-15.25.00:008][354]LogLinker: Warning: Can't resolve asset name
[2021.12.14-15.25.25:565][  9]LogSlate: FSceneViewport::OnFocusLost() reason 0
[2021.12.14-15.25.25:791][ 15]LogAssetEditorManager: Opening Asset editor for MaterialInstanceConstant /Game/StarterContent/Materials/platform_Inst1.platform_Inst1
[2021.12.14-15.25.26:205][ 15]LogRenderer: Reallocating scene render targets to support 1020x596 Format 10 NumSamples 1 (Frame:1).
[2021.12.14-15.26.11:490][167]LogD3D11RHI: Timed out while waiting for GPU to catch up. (0.5 s)
[2021.12.14-15.26.13:792][169]LogD3D11RHI: Timed out while waiting for GPU to catch up. (0.5 s)
[2021.12.14-15.26.14:291][169]LogD3D11RHI: Timed out while waiting for GPU to catch up. (0.5 s)
[2021.12.14-15.26.14:792][169]LogD3D11RHI: Timed out while waiting for GPU to catch up. (0.5 s)
[2021.12.14-15.26.15:292][169]LogD3D11RHI: Timed out while waiting for GPU to catch up. (0.5 s)
[2021.12.14-15.26.38:596][772]LogSlate: FSceneViewport::OnFocusLost() reason 0
[2021.12.14-15.26.42:472][833]LogD3D11RHI: Timed out while waiting for GPU to catch up. (0.5 s)
[2021.12.14-15.27.11:088][581]LogSlate: Window 'platform_Inst1*' being destroyed
[2021.12.14-15.27.11:112][581]LogSlate: Window 'platform_Inst1*' being destroyed
[2021.12.14-15.27.11:165][581]LogMaterial: Display: Missing cached shader map for material FDebugViewModeMaterialProxy platform_Inst1, compiling. 
[2021.12.14-15.27.12:057][581]LogShaderCompilers: Display: Shaders left to compile 1
[2021.12.14-15.27.12:061][581]TextureStreamingBuild: Display: Compiling optional shaders took 0.902 seconds.
[2021.12.14-15.27.21:714][ 86]LogSlate: FSceneViewport::OnFocusLost() reason 0
[2021.12.14-15.31.20:017][524]LogSlate: FSceneViewport::OnFocusLost() reason 0
[2021.12.14-15.31.21:418][617]LogRenderer: Reallocating scene render targets to support 1020x600 Format 10 NumSamples 1 (Frame:25390).
[2021.12.14-15.31.57:471][411]LogEditorViewport: Clicking on Actor (LMB): BP_ball_C (BP_ball)
[2021.12.14-15.32.38:590][808]LogEditorViewport: Clicking on Actor (LMB): BP_ball_C (BP_ball)
[2021.12.14-15.32.38:682][811]LogEditorViewport: Clicking on Component (LMB): StaticMeshComponent (Ball)
[2021.12.14-15.32.45:437][258]LogSlate: FSceneViewport::OnFocusLost() reason 0
[2021.12.14-15.33.32:926][553]LogSavePackage: Moving '../../../../../../Programowanie_Repozytoria/RunnBall/RunBall_A_E_Kromp/Saved/MainLevel_Auto1B6F5D6B24CF79504E7C995B43831C065.tmp' to '../../../../../../Programowanie_Repozytoria/RunnBall/RunBall_A_E_Kromp/Saved/Autosaves/Game/StarterContent/Levels/MainLevel_Auto1.umap'
[2021.12.14-15.33.32:932][553]LogFileHelpers: Editor autosave (incl. sublevels) for '/Game/StarterContent/Levels/MainLevel' took 0.284
[2021.12.14-15.33.32:932][553]LogFileHelpers: Editor autosave (incl. sublevels) for all levels took 0.284
[2021.12.14-15.33.32:936][553]OBJ SavePackage: Generating thumbnails for [1] asset(s) in package [/Game/StarterContent/Materials/platform_Inst1] ([1] browsable assets)...
[2021.12.14-15.33.32:970][553]OBJ SavePackage:     Rendered thumbnail for [MaterialInstanceConstant /Game/StarterContent/Materials/platform_Inst1.platform_Inst1]
[2021.12.14-15.33.32:970][553]OBJ SavePackage: Finished generating thumbnails for package [/Game/StarterContent/Materials/platform_Inst1]
[2021.12.14-15.33.33:013][553]LogSavePackage: Moving '../../../../../../Programowanie_Repozytoria/RunnBall/RunBall_A_E_Kromp/Saved/platform_Inst1_Auto19314B0FD4B245D21D7247EA9834039C4.tmp' to '../../../../../../Programowanie_Repozytoria/RunnBall/RunBall_A_E_Kromp/Saved/Autosaves/Game/StarterContent/Materials/platform_Inst1_Auto1.uasset'
[2021.12.14-15.33.33:015][553]LogFileHelpers: Auto-saving content packages took 0.081
[2021.12.14-15.34.58:803][607]LogD3D11RHI: Timed out while waiting for GPU to catch up. (0.5 s)
[2021.12.14-15.35.00:331][611]LogD3D11RHI: Timed out while waiting for GPU to catch up. (0.5 s)
[2021.12.14-15.35.00:836][612]LogD3D11RHI: Timed out while waiting for GPU to catch up. (0.5 s)
[2021.12.14-15.35.02:832][613]LogD3D11RHI: Timed out while waiting for GPU to catch up. (0.5 s)
[2021.12.14-15.35.05:377][621]LogD3D11RHI: Timed out while waiting for GPU to catch up. (0.5 s)
[2021.12.14-15.42.50:906][803]LogEditorViewport: Clicking Background
[2021.12.14-15.43.23:047][ 19]LogSlate: FSceneViewport::OnFocusLost() reason 0
[2021.12.14-15.55.54:787][401]LogEditorViewport: Clicking on Actor (context menu): StaticMeshActor (platform_base3)
[2021.12.14-15.55.54:866][401]LogSlate: FSceneViewport::OnFocusLost() reason 2
[2021.12.14-15.55.55:768][503]LogEditorViewport: Clicking Background
[2021.12.14-15.55.56:545][579]LogEditorViewport: Clicking on Actor (LMB): BP_ball_C (BP_ball)
[2021.12.14-15.56.02:167][906]LogEditorViewport: Clicking on Actor (LMB): BP_ball_C (BP_ball)
[2021.12.14-15.56.02:284][907]LogEditorViewport: Clicking on Component (LMB): StaticMeshComponent (Ball)
[2021.12.14-15.56.48:155][230]LogSlate: FSceneViewport::OnFocusLost() reason 0
[2021.12.14-15.56.57:887][605]LogSlate: FSceneViewport::OnFocusLost() reason 0
[2021.12.14-15.57.03:371][903]LogSlate: FSceneViewport::OnFocusLost() reason 0
[2021.12.14-15.57.08:682][159]LogSlate: FSceneViewport::OnFocusLost() reason 0
[2021.12.14-15.57.12:094][341]LogSlate: FSceneViewport::OnFocusLost() reason 0
[2021.12.14-15.57.17:020][485]LogSlate: FSceneViewport::OnFocusLost() reason 0
[2021.12.14-15.57.25:170][681]LogSlate: FSceneViewport::OnFocusLost() reason 0
[2021.12.14-15.57.27:946][754]LogSlate: FSceneViewport::OnFocusLost() reason 0
[2021.12.14-15.57.32:091][855]LogSlate: FSceneViewport::OnFocusLost() reason 0
[2021.12.14-15.57.45:298][337]LogSlate: FSceneViewport::OnFocusLost() reason 0
[2021.12.14-15.58.36:745][897]Cmd: TRANSACTION UNDO
[2021.12.14-15.58.36:745][897]LogEditorTransaction: Undo Create Actors
[2021.12.14-15.58.36:919][911]Cmd: TRANSACTION UNDO
[2021.12.14-15.58.36:919][911]LogEditorTransaction: Undo Create Actors
[2021.12.14-15.58.37:117][928]Cmd: TRANSACTION UNDO
[2021.12.14-15.58.37:117][928]LogEditorTransaction: Undo Create Actors
[2021.12.14-15.58.37:299][947]Cmd: TRANSACTION UNDO
[2021.12.14-15.58.37:299][947]LogEditorTransaction: Undo Create Actors
[2021.12.14-15.58.37:511][972]Cmd: TRANSACTION UNDO
[2021.12.14-15.58.37:511][972]LogEditorTransaction: Undo Create Actors
[2021.12.14-15.58.37:693][990]Cmd: TRANSACTION UNDO
[2021.12.14-15.58.37:693][990]LogEditorTransaction: Undo Create Actors
[2021.12.14-15.58.37:880][  2]Cmd: TRANSACTION UNDO
[2021.12.14-15.58.37:880][  2]LogEditorTransaction: Undo Create Actors
[2021.12.14-15.58.39:897][ 47]Cmd: TRANSACTION UNDO
[2021.12.14-15.58.39:898][ 47]LogEditorTransaction: Undo Create Actors
[2021.12.14-15.58.40:381][ 58]Cmd: TRANSACTION UNDO
[2021.12.14-15.58.40:381][ 58]LogEditorTransaction: Undo Create Actors
[2021.12.14-15.58.45:642][174]Cmd: TRANSACTION UNDO
[2021.12.14-15.58.45:642][174]LogEditorTransaction: Undo Create Actors
[2021.12.14-15.58.53:044][457]LogSlate: FSceneViewport::OnFocusLost() reason 0
[2021.12.14-15.58.56:467][587]LogSlate: FSceneViewport::OnFocusLost() reason 0
[2021.12.14-15.58.59:038][671]LogSlate: FSceneViewport::OnFocusLost() reason 0
[2021.12.14-15.59.02:289][764]LogSlate: FSceneViewport::OnFocusLost() reason 0
[2021.12.14-15.59.33:921][221]LogSlate: FSceneViewport::OnFocusLost() reason 2
[2021.12.14-15.59.34:155][221]LogSavePackage: Moving '../../../../../../Programowanie_Repozytoria/RunnBall/RunBall_A_E_Kromp/Saved/MainLevel_Auto2474047C04CC9B23725471CAF40A35914.tmp' to '../../../../../../Programowanie_Repozytoria/RunnBall/RunBall_A_E_Kromp/Saved/Autosaves/Game/StarterContent/Levels/MainLevel_Auto2.umap'
[2021.12.14-15.59.34:158][221]LogFileHelpers: Editor autosave (incl. sublevels) for '/Game/StarterContent/Levels/MainLevel' took 0.148
[2021.12.14-15.59.34:158][221]LogFileHelpers: Editor autosave (incl. sublevels) for all levels took 0.148
[2021.12.14-15.59.48:505][548]LogSlate: FSceneViewport::OnFocusLost() reason 0
[2021.12.14-15.59.48:763][550]LogSavePackage: Moving '../../../../../../Programowanie_Repozytoria/RunnBall/RunBall_A_E_Kromp/Saved/MainLevel3C8624794662EE60C145BDB29EC6B1D4.tmp' to '../../../../../../Programowanie_Repozytoria/RunnBall/RunBall_A_E_Kromp/Content/StarterContent/Levels/MainLevel.umap'
[2021.12.14-16.01.05:363][646]LogEditorViewport: Clicking on Actor (LMB): BP_Diamond_C (BP_Diamond2)
[2021.12.14-16.03.50:452][545]LogSlate: FSceneViewport::OnFocusLost() reason 0
[2021.12.14-16.04.13:746][890]LogActorFactory: Actor Factory created SM_Rock
[2021.12.14-16.04.15:474][965]LogActorFactory: Actor Factory created SM_Rock
[2021.12.14-16.04.17:630][ 17]LogSlate: FSceneViewport::OnFocusLost() reason 0
[2021.12.14-16.04.17:901][ 28]LogActorFactory: Actor Factory created SM_Rock
[2021.12.14-16.04.19:309][106]LogActorFactory: Actor Factory created SM_Rock
[2021.12.14-16.04.28:474][428]LogSlate: FSceneViewport::OnFocusLost() reason 0
[2021.12.14-16.04.28:667][435]LogActorFactory: Actor Factory created SM_Bush
[2021.12.14-16.04.29:355][475]LogActorFactory: Actor Factory created SM_Bush
[2021.12.14-16.04.36:932][782]LogEditorViewport: Clicking on Actor (LMB): StaticMeshActor (SM_Rock2)
[2021.12.14-16.04.44:005][101]LogEditorViewport: Clicking on Actor (LMB): StaticMeshActor (SM_Bush)
[2021.12.14-16.04.46:830][216]LogSlate: FSceneViewport::OnFocusLost() reason 0
[2021.12.14-16.05.03:113][731]LogEditorViewport: Clicking on Actor (LMB): StaticMeshActor (platform_base)
[2021.12.14-16.05.11:737][ 50]LogEditorViewport: Clicking on Actor (LMB): StaticMeshActor (SM_Bush)
[2021.12.14-16.06.21:192][539]LogSlate: FSceneViewport::OnFocusLost() reason 0
[2021.12.14-16.06.21:481][554]LogActorFactory: Actor Factory created SM_Rock
[2021.12.14-16.06.24:635][743]LogActorFactory: Actor Factory created SM_Rock
[2021.12.14-16.06.33:355][164]LogEditorViewport: Clicking on Actor (LMB): StaticMeshActor (SM_Bush)
[2021.12.14-16.06.34:691][237]Cmd: EDIT COPY
[2021.12.14-16.06.34:944][252]Cmd: EDIT PASTE
[2021.12.14-16.07.33:812][581]LogSlate: FSceneViewport::OnFocusLost() reason 0
[2021.12.14-16.09.14:024][544]LogSlate: FSceneViewport::OnFocusLost() reason 0
[2021.12.14-16.09.14:255][551]LogActorFactory: Actor Factory created SM_Couch
[2021.12.14-16.09.19:108][830]LogSlate: FSceneViewport::OnFocusLost() reason 0
[2021.12.14-16.09.19:312][841]LogActorFactory: Actor Factory created SM_Couch
[2021.12.14-16.09.22:040][  4]LogActorFactory: Actor Factory created SM_Couch
[2021.12.14-16.09.24:254][131]Cmd: DELETE
[2021.12.14-16.09.24:254][131]Cmd: ACTOR DELETE
[2021.12.14-16.09.24:269][131]LogSlate: FSceneViewport::OnFocusLost() reason 2
[2021.12.14-16.09.24:311][131]LogEditorActor: Deleted Actor: StaticMeshActor
[2021.12.14-16.09.24:350][131]LogEditorActor: Deleted 1 Actors (0.096 secs)
[2021.12.14-16.09.46:513][460]LogSlate: FSceneViewport::OnFocusLost() reason 0
[2021.12.14-16.09.46:862][468]LogSavePackage: Moving '../../../../../../Programowanie_Repozytoria/RunnBall/RunBall_A_E_Kromp/Saved/MainLevel451EF27748E36BDADBE6C1833455C79E.tmp' to '../../../../../../Programowanie_Repozytoria/RunnBall/RunBall_A_E_Kromp/Content/StarterContent/Levels/MainLevel.umap'
[2021.12.14-16.10.01:513][342]LogSlate: FSceneViewport::OnFocusLost() reason 0
[2021.12.14-16.10.07:651][348]LogSlate: Window 'Save Content' being destroyed
[2021.12.14-16.10.07:672][348]LogSlate: FSceneViewport::OnFocusLost() reason 2
[2021.12.14-16.10.07:704][348]LogSavePackage: Moving '../../../../../../Programowanie_Repozytoria/RunnBall/RunBall_A_E_Kromp/Saved/platform_Inst1E31F043E4451C838A3D93A9082032615.tmp' to '../../../../../../Programowanie_Repozytoria/RunnBall/RunBall_A_E_Kromp/Content/StarterContent/Materials/platform_Inst1.uasset'
[2021.12.14-16.10.07:772][348]LogSlate: Window 'RunBall_A_E_Kromp - Unreal Editor' being destroyed
[2021.12.14-16.10.07:984][349]Cmd: QUIT_EDITOR
[2021.12.14-16.10.08:088][349]LogWindowsTextInputMethodSystem: Display: IME system now deactivated.
[2021.12.14-16.10.08:107][349]LogExit: Preparing to exit.
[2021.12.14-16.10.09:072][349]LogExit: Editor shut down
[2021.12.14-16.10.09:073][349]LogExit: Transaction tracking system shut down
[2021.12.14-16.10.09:395][349]LogExit: Object subsystem successfully closed.
[2021.12.14-16.10.09:434][349]LogShaderCompilers: Display: Shaders left to compile 0
[2021.12.14-16.10.09:441][349]LogD3D11RHI: Shutdown
[2021.12.14-16.10.09:441][349]LogD3D11RHI: CleanupD3DDevice
[2021.12.14-16.10.09:462][349]LogD3D11RHI: ~FD3D11DynamicRHI
[2021.12.14-16.10.09:543][349]LogModuleManager: Shutting down and abandoning module MovieSceneCapture (614)
[2021.12.14-16.10.09:543][349]LogModuleManager: Shutting down and abandoning module Voice (612)
[2021.12.14-16.10.09:543][349]LogModuleManager: Shutting down and abandoning module HierarchicalLODOutliner (610)
[2021.12.14-16.10.09:544][349]LogModuleManager: Shutting down and abandoning module SceneOutliner (608)
[2021.12.14-16.10.09:544][349]LogModuleManager: Shutting down and abandoning module AddContentDialog (606)
[2021.12.14-16.10.09:544][349]LogModuleManager: Shutting down and abandoning module WidgetCarousel (605)
[2021.12.14-16.10.09:544][349]LogModuleManager: Shutting down and abandoning module EditorWidgets (602)
[2021.12.14-16.10.09:544][349]LogModuleManager: Shutting down and abandoning module CollectionManager (600)
[2021.12.14-16.10.09:545][349]LogModuleManager: Shutting down and abandoning module StatsViewer (598)
[2021.12.14-16.10.09:545][349]LogModuleManager: Shutting down and abandoning module FoliageEdit (596)
[2021.12.14-16.10.09:545][349]LogModuleManager: Shutting down and abandoning module LandscapeEditor (594)
[2021.12.14-16.10.09:545][349]LogModuleManager: Shutting down and abandoning module MeshPaintMode (592)
[2021.12.14-16.10.09:546][349]LogModuleManager: Shutting down and abandoning module SceneDepthPickerMode (590)
[2021.12.14-16.10.09:546][349]LogModuleManager: Shutting down and abandoning module ActorPickerMode (588)
[2021.12.14-16.10.09:546][349]LogModuleManager: Shutting down and abandoning module GeometryMode (586)
[2021.12.14-16.10.09:546][349]LogModuleManager: Shutting down and abandoning module TextureAlignMode (584)
[2021.12.14-16.10.09:546][349]LogModuleManager: Shutting down and abandoning module BspMode (582)
[2021.12.14-16.10.09:546][349]LogModuleManager: Shutting down and abandoning module PIEPreviewDeviceProfileSelector (580)
[2021.12.14-16.10.09:546][349]LogModuleManager: Shutting down and abandoning module SequenceRecorderSections (578)
[2021.12.14-16.10.09:546][349]LogModuleManager: Shutting down and abandoning module AutomationWorker (576)
[2021.12.14-16.10.09:546][349]LogModuleManager: Shutting down and abandoning module AudioCaptureEditor (574)
[2021.12.14-16.10.09:546][349]LogModuleManager: Shutting down and abandoning module SequenceRecorder (573)
[2021.12.14-16.10.09:546][349]LogModuleManager: Shutting down and abandoning module MatineeToLevelSequence (570)
[2021.12.14-16.10.09:546][349]LogModuleManager: Shutting down and abandoning module LevelSequenceEditor (568)
[2021.12.14-16.10.09:547][349]LogModuleManager: Shutting down and abandoning module PlacementMode (567)
[2021.12.14-16.10.09:547][349]LogModuleManager: Shutting down and abandoning module MaterialEditor (566)
[2021.12.14-16.10.09:547][349]LogModuleManager: Shutting down and abandoning module WmfMediaFactory (562)
[2021.12.14-16.10.09:547][349]LogModuleManager: Shutting down and abandoning module WmfMediaEditor (560)
[2021.12.14-16.10.09:547][349]LogModuleManager: Shutting down and abandoning module MediaPlayerEditor (558)
[2021.12.14-16.10.09:547][349]LogModuleManager: Shutting down and abandoning module OpenExrWrapper (556)
[2021.12.14-16.10.09:547][349]LogModuleManager: Shutting down and abandoning module ImgMediaFactory (554)
[2021.12.14-16.10.09:547][349]LogModuleManager: Shutting down and abandoning module ImgMediaEditor (552)
[2021.12.14-16.10.09:547][349]LogModuleManager: Shutting down and abandoning module AvfMediaFactory (550)
[2021.12.14-16.10.09:547][349]LogModuleManager: Shutting down and abandoning module AvfMediaEditor (548)
[2021.12.14-16.10.09:547][349]LogModuleManager: Shutting down and abandoning module AndroidMediaFactory (546)
[2021.12.14-16.10.09:547][349]LogModuleManager: Shutting down and abandoning module AndroidMediaEditor (544)
[2021.12.14-16.10.09:547][349]LogModuleManager: Shutting down and abandoning module MagicLeapCameraPreviewFactory (542)
[2021.12.14-16.10.09:548][349]LogModuleManager: Shutting down and abandoning module MagicLeapMediaFactory (540)
[2021.12.14-16.10.09:548][349]LogModuleManager: Shutting down and abandoning module MagicLeapMediaEditor (538)
[2021.12.14-16.10.09:548][349]LogModuleManager: Shutting down and abandoning module CharacterAI (536)
[2021.12.14-16.10.09:548][349]LogModuleManager: Shutting down and abandoning module SmartSnapping (534)
[2021.12.14-16.10.09:548][349]LogModuleManager: Shutting down and abandoning module SessionServices (532)
[2021.12.14-16.10.09:548][349]LogModuleManager: Shutting down and abandoning module ViewportSnapping (530)
[2021.12.14-16.10.09:548][349]LogModuleManager: Shutting down and abandoning module ViewportInteraction (528)
[2021.12.14-16.10.09:548][349]LogModuleManager: Shutting down and abandoning module ClothPainter (526)
[2021.12.14-16.10.09:548][349]LogModuleManager: Shutting down and abandoning module SkeletalMeshEditor (525)
[2021.12.14-16.10.09:548][349]LogModuleManager: Shutting down and abandoning module LogVisualizer (522)
[2021.12.14-16.10.09:548][349]LogModuleManager: Shutting down and abandoning module IntroTutorials (520)
[2021.12.14-16.10.09:548][349]LogModuleManager: Shutting down and abandoning module GameProjectGeneration (519)
[2021.12.14-16.10.09:549][349]LogModuleManager: Shutting down and abandoning module LuminPlatformEditor (516)
[2021.12.14-16.10.09:549][349]LogModuleManager: Shutting down and abandoning module IOSPlatformEditor (514)
[2021.12.14-16.10.09:549][349]LogModuleManager: Shutting down and abandoning module HTML5PlatformEditor (512)
[2021.12.14-16.10.09:549][349]LogModuleManager: Shutting down and abandoning module AndroidPlatformEditor (510)
[2021.12.14-16.10.09:549][349]LogModuleManager: Shutting down and abandoning module AndroidDeviceDetection (509)
[2021.12.14-16.10.10:533][349]LogModuleManager: Shutting down and abandoning module WindowsPlatformEditor (506)
[2021.12.14-16.10.10:533][349]LogModuleManager: Shutting down and abandoning module LuminRuntimeSettings (504)
[2021.12.14-16.10.10:533][349]LogModuleManager: Shutting down and abandoning module IOSRuntimeSettings (502)
[2021.12.14-16.10.10:533][349]LogModuleManager: Shutting down and abandoning module AndroidRuntimeSettings (500)
[2021.12.14-16.10.10:533][349]LogModuleManager: Shutting down and abandoning module InputBindingEditor (498)
[2021.12.14-16.10.10:533][349]LogModuleManager: Shutting down and abandoning module MergeActors (496)
[2021.12.14-16.10.10:533][349]LogModuleManager: Shutting down and abandoning module LocalizationDashboard (494)
[2021.12.14-16.10.10:533][349]LogModuleManager: Shutting down and abandoning module LocalizationService (493)
[2021.12.14-16.10.10:533][349]LogModuleManager: Shutting down and abandoning module HardwareTargeting (490)
[2021.12.14-16.10.10:533][349]LogModuleManager: Shutting down and abandoning module DeviceProfileEditor (488)
[2021.12.14-16.10.10:533][349]LogModuleManager: Shutting down and abandoning module UndoHistory (486)
[2021.12.14-16.10.10:533][349]LogModuleManager: Shutting down and abandoning module XmlParser (484)
[2021.12.14-16.10.10:533][349]LogModuleManager: Shutting down and abandoning module Blutility (482)
[2021.12.14-16.10.10:534][349]LogModuleManager: Shutting down and abandoning module ProjectSettingsViewer (480)
[2021.12.14-16.10.10:534][349]LogModuleManager: Shutting down and abandoning module ProjectTargetPlatformEditor (479)
[2021.12.14-16.10.10:534][349]LogModuleManager: Shutting down and abandoning module EditorSettingsViewer (476)
[2021.12.14-16.10.10:534][349]LogModuleManager: Shutting down and abandoning module SettingsEditor (474)
[2021.12.14-16.10.10:534][349]LogModuleManager: Shutting down and abandoning module ProjectLauncher (472)
[2021.12.14-16.10.10:534][349]LogModuleManager: Shutting down and abandoning module SessionFrontend (470)
[2021.12.14-16.10.10:534][349]LogModuleManager: Shutting down and abandoning module ProfilerClient (468)
[2021.12.14-16.10.10:534][349]LogModuleManager: Shutting down and abandoning module DeviceManager (466)
[2021.12.14-16.10.10:534][349]LogModuleManager: Shutting down and abandoning module TargetDeviceServices (465)
[2021.12.14-16.10.10:589][349]LogModuleManager: Shutting down and abandoning module AutomationController (462)
[2021.12.14-16.10.10:589][349]LogModuleManager: Shutting down and abandoning module AutomationWindow (460)
[2021.12.14-16.10.10:589][349]LogModuleManager: Shutting down and abandoning module Layers (458)
[2021.12.14-16.10.10:589][349]LogModuleManager: Shutting down and abandoning module ComponentVisualizers (456)
[2021.12.14-16.10.10:589][349]LogModuleManager: Shutting down and abandoning module DetailCustomizations (454)
[2021.12.14-16.10.10:589][349]LogModuleManager: Shutting down and abandoning module PackagesDialog (452)
[2021.12.14-16.10.10:589][349]LogModuleManager: Shutting down and abandoning module Persona (450)
[2021.12.14-16.10.10:590][349]LogModuleManager: Shutting down and abandoning module AdvancedPreviewScene (449)
[2021.12.14-16.10.10:590][349]LogModuleManager: Shutting down and abandoning module AnimGraph (447)
[2021.12.14-16.10.10:590][349]LogModuleManager: Shutting down and abandoning module Kismet (444)
[2021.12.14-16.10.10:590][349]LogModuleManager: Shutting down and abandoning module GraphEditor (442)
[2021.12.14-16.10.10:590][349]LogModuleManager: Shutting down and abandoning module ClassViewer (440)
[2021.12.14-16.10.10:590][349]LogModuleManager: Shutting down and abandoning module Toolbox (438)
[2021.12.14-16.10.10:590][349]LogModuleManager: Shutting down and abandoning module ModuleUI (436)
[2021.12.14-16.10.10:590][349]LogModuleManager: Shutting down and abandoning module MovieSceneTools (434)
[2021.12.14-16.10.10:590][349]LogModuleManager: Shutting down and abandoning module OutputLog (432)
[2021.12.14-16.10.10:590][349]LogModuleManager: Shutting down and abandoning module GammaUI (430)
[2021.12.14-16.10.10:590][349]LogModuleManager: Shutting down and abandoning module Documentation (428)
[2021.12.14-16.10.10:590][349]LogModuleManager: Shutting down and abandoning module MovieSceneTracks (426)
[2021.12.14-16.10.10:591][349]LogModuleManager: Shutting down and abandoning module MovieScene (424)
[2021.12.14-16.10.10:591][349]LogModuleManager: Shutting down and abandoning module StreamingPauseRendering (422)
[2021.12.14-16.10.10:591][349]LogModuleManager: Shutting down and abandoning module LauncherPlatform (420)
[2021.12.14-16.10.10:591][349]LogModuleManager: Shutting down and abandoning module AnalyticsET (418)
[2021.12.14-16.10.10:591][349]LogModuleManager: Shutting down and abandoning module PortalServices (416)
[2021.12.14-16.10.10:591][349]LogModuleManager: Shutting down and abandoning module PortalRpc (414)
[2021.12.14-16.10.10:591][349]LogModuleManager: Shutting down and abandoning module MessagingRpc (412)
[2021.12.14-16.10.10:591][349]LogModuleManager: Shutting down and abandoning module AIModule (410)
[2021.12.14-16.10.10:591][349]LogModuleManager: Shutting down and abandoning module GameplayDebugger (409)
[2021.12.14-16.10.10:591][349]LogModuleManager: Shutting down and abandoning module AITestSuite (407)
[2021.12.14-16.10.10:591][349]LogModuleManager: Shutting down and abandoning module NavigationSystem (405)
[2021.12.14-16.10.10:591][349]LogModuleManager: Shutting down and abandoning module DesktopPlatform (402)
[2021.12.14-16.10.10:591][349]LogModuleManager: Shutting down and abandoning module ProfilerService (400)
[2021.12.14-16.10.10:766][349]LogModuleManager: Shutting down and abandoning module TaskGraph (398)
[2021.12.14-16.10.10:766][349]LogModuleManager: Shutting down and abandoning module SteamVRController (396)
[2021.12.14-16.10.10:766][349]LogModuleManager: Shutting down and abandoning module ProceduralMeshComponentEditor (394)
[2021.12.14-16.10.10:767][349]LogModuleManager: Shutting down and abandoning module ProceduralMeshComponent (392)
[2021.12.14-16.10.10:767][349]LogModuleManager: Shutting down and abandoning module OculusInput (390)
[2021.12.14-16.10.10:767][349]LogModuleManager: Shutting down and abandoning module MobilePatchingUtils (388)
[2021.12.14-16.10.10:767][349]LogModuleManager: Shutting down and abandoning module EditableMesh (386)
[2021.12.14-16.10.10:767][349]LogModuleManager: Shutting down and abandoning module CustomMeshComponent (384)
[2021.12.14-16.10.10:767][349]LogModuleManager: Shutting down and abandoning module CableComponent (382)
[2021.12.14-16.10.10:767][349]LogModuleManager: Shutting down and abandoning module AudioCapture (380)
[2021.12.14-16.10.10:767][349]LogModuleManager: Shutting down and abandoning module ArchVisCharacter (378)
[2021.12.14-16.10.10:767][349]LogModuleManager: Shutting down and abandoning module AndroidPermission (376)
[2021.12.14-16.10.10:767][349]LogModuleManager: Shutting down and abandoning module NUTUnrealEngine4 (374)
[2021.12.14-16.10.10:768][349]LogModuleManager: Shutting down and abandoning module NetcodeUnitTest (372)
[2021.12.14-16.10.10:768][349]LogModuleManager: Shutting down and abandoning module MediaCompositingEditor (370)
[2021.12.14-16.10.10:768][349]LogModuleManager: Shutting down and abandoning module MediaCompositing (368)
[2021.12.14-16.10.10:768][349]LogModuleManager: Shutting down and abandoning module LinearTimecode (366)
[2021.12.14-16.10.10:768][349]LogModuleManager: Shutting down and abandoning module ImgMedia (364)
[2021.12.14-16.10.10:779][349]LogModuleManager: Shutting down and abandoning module HTML5Networking (362)
[2021.12.14-16.10.10:779][349]LogModuleManager: Shutting down and abandoning module GeometryCacheTracks (360)
[2021.12.14-16.10.10:779][349]LogModuleManager: Shutting down and abandoning module GeometryCacheSequencer (358)
[2021.12.14-16.10.10:779][349]LogModuleManager: Shutting down and abandoning module BackChannel (356)
[2021.12.14-16.10.10:779][349]LogModuleManager: Shutting down and abandoning module AppleVision (354)
[2021.12.14-16.10.10:779][349]LogModuleManager: Shutting down and abandoning module AppleImageUtils (352)
[2021.12.14-16.10.10:779][349]LogModuleManager: Shutting down and abandoning module AlembicImporter (350)
[2021.12.14-16.10.10:779][349]LogModuleManager: Shutting down and abandoning module AlembicLibrary (349)
[2021.12.14-16.10.10:779][349]LogModuleManager: Shutting down and abandoning module GeometryCache (348)
[2021.12.14-16.10.10:779][349]LogModuleManager: Shutting down and abandoning module GeometryCacheEd (347)
[2021.12.14-16.10.10:779][349]LogModuleManager: Shutting down and abandoning module DatasmithContentEditor (342)
[2021.12.14-16.10.10:780][349]LogModuleManager: Shutting down and abandoning module DatasmithContent (340)
[2021.12.14-16.10.10:781][349]LogModuleManager: Shutting down and abandoning module SpeedTreeImporter (338)
[2021.12.14-16.10.10:781][349]LogModuleManager: Shutting down and abandoning module PluginBrowser (336)
[2021.12.14-16.10.10:782][349]LogModuleManager: Shutting down and abandoning module MobileLauncherProfileWizard (334)
[2021.12.14-16.10.10:782][349]LogModuleManager: Shutting down and abandoning module PolygonModeling (332)
[2021.12.14-16.10.10:782][349]LogModuleManager: Shutting down and abandoning module MeshEditor (330)
[2021.12.14-16.10.10:782][349]LogModuleManager: Shutting down and abandoning module CryptoKeysOpenSSL (328)
[2021.12.14-16.10.10:782][349]LogModuleManager: Shutting down and abandoning module CryptoKeys (326)
[2021.12.14-16.10.10:782][349]LogModuleManager: Shutting down and abandoning module VisualStudioSourceCodeAccess (324)
[2021.12.14-16.10.10:782][349]LogModuleManager: Shutting down and abandoning module VisualStudioCodeSourceCodeAccess (322)
[2021.12.14-16.10.10:782][349]LogModuleManager: Shutting down and abandoning module UObjectPlugin (320)
[2021.12.14-16.10.10:782][349]LogModuleManager: Shutting down and abandoning module SubversionSourceControl (318)
[2021.12.14-16.10.10:782][349]LogModuleManager: Shutting down and abandoning module PerforceSourceControl (316)
[2021.12.14-16.10.10:783][349]LogModuleManager: Shutting down and abandoning module GitSourceControl (314)
[2021.12.14-16.10.10:783][349]LogModuleManager: Shutting down and abandoning module SourceControl (313)
[2021.12.14-16.10.10:783][349]LogModuleManager: Shutting down and abandoning module CLionSourceCodeAccess (310)
[2021.12.14-16.10.10:783][349]LogModuleManager: Shutting down and abandoning module LightPropagationVolumeEditor (308)
[2021.12.14-16.10.10:783][349]LogModuleManager: Shutting down and abandoning module PaperTiledImporter (306)
[2021.12.14-16.10.10:783][349]LogModuleManager: Shutting down and abandoning module PaperSpriteSheetImporter (304)
[2021.12.14-16.10.10:783][349]LogModuleManager: Shutting down and abandoning module Paper2DEditor (302)
[2021.12.14-16.10.10:784][349]LogModuleManager: Shutting down and abandoning module MeshPaint (301)
[2021.12.14-16.10.10:784][349]LogModuleManager: Shutting down and abandoning module RuntimePhysXCooking (298)
[2021.12.14-16.10.10:784][349]LogModuleManager: Shutting down and abandoning module PhysXVehiclesEditor (296)
[2021.12.14-16.10.10:784][349]LogModuleManager: Shutting down and abandoning module PhysXVehicles (294)
[2021.12.14-16.10.10:784][349]LogModuleManager: Shutting down and abandoning module OculusEditor (292)
[2021.12.14-16.10.10:784][349]LogModuleManager: Shutting down and abandoning module LocationServicesBPLibrary (290)
[2021.12.14-16.10.10:784][349]LogModuleManager: Shutting down and abandoning module ImmediatePhysicsEditor (288)
[2021.12.14-16.10.10:784][349]LogModuleManager: Shutting down and abandoning module ImmediatePhysics (286)
[2021.12.14-16.10.10:784][349]LogModuleManager: Shutting down and abandoning module ActorSequence (284)
[2021.12.14-16.10.10:784][349]LogModuleManager: Shutting down and abandoning module UdpMessaging (282)
[2021.12.14-16.10.10:885][349]LogModuleManager: Shutting down and abandoning module TcpMessaging (280)
[2021.12.14-16.10.10:986][349]LogModuleManager: Shutting down and abandoning module MagicLeapAudio (278)
[2021.12.14-16.10.10:986][349]LogModuleManager: Shutting down and abandoning module GameplayTagsEditor (276)
[2021.12.14-16.10.10:986][349]LogModuleManager: Shutting down and abandoning module FacialAnimationEditor (274)
[2021.12.14-16.10.10:986][349]LogModuleManager: Shutting down and abandoning module FacialAnimation (272)
[2021.12.14-16.10.10:986][349]LogModuleManager: Shutting down and abandoning module DataValidation (270)
[2021.12.14-16.10.10:986][349]LogModuleManager: Shutting down and abandoning module AssetManagerEditor (268)
[2021.12.14-16.10.10:987][349]LogModuleManager: Shutting down and abandoning module LevelEditor (267)
[2021.12.14-16.10.10:988][349]LogModuleManager: Shutting down and abandoning module PixelInspectorModule (266)
[2021.12.14-16.10.10:988][349]LogModuleManager: Shutting down and abandoning module CommonMenuExtensions (264)
[2021.12.14-16.10.10:989][349]LogModuleManager: Shutting down and abandoning module MainFrame (262)
[2021.12.14-16.10.10:989][349]LogModuleManager: Shutting down and abandoning module HotReload (261)
[2021.12.14-16.10.10:990][349]LogModuleManager: Shutting down and abandoning module ContentBrowser (257)
[2021.12.14-16.10.10:992][349]LogModuleManager: Shutting down and abandoning module TreeMap (255)
[2021.12.14-16.10.10:992][349]LogModuleManager: Shutting down and abandoning module LightPropagationVolumeRuntime (252)
[2021.12.14-16.10.10:992][349]LogModuleManager: Shutting down and abandoning module AISupportModule (250)
[2021.12.14-16.10.10:992][349]LogModuleManager: Shutting down and abandoning module Paper2D (248)
[2021.12.14-16.10.10:992][349]LogModuleManager: Shutting down and abandoning module WindowsMoviePlayer (246)
[2021.12.14-16.10.10:992][349]LogModuleManager: Shutting down and abandoning module WmfMedia (244)
[2021.12.14-16.10.10:995][349]LogModuleManager: Shutting down and abandoning module Media (243)
[2021.12.14-16.10.11:002][349]LogModuleManager: Shutting down and abandoning module PacketHandler (240)
[2021.12.14-16.10.11:002][349]LogModuleManager: Shutting down and abandoning module ClothingSystemEditor (238)
[2021.12.14-16.10.11:002][349]LogModuleManager: Shutting down and abandoning module ClothingSystemRuntime (236)
[2021.12.14-16.10.11:003][349]LogModuleManager: Shutting down and abandoning module MediaAssets (234)
[2021.12.14-16.10.11:003][349]LogModuleManager: Shutting down and abandoning module Overlay (232)
[2021.12.14-16.10.11:003][349]LogModuleManager: Shutting down and abandoning module OverlayEditor (231)
[2021.12.14-16.10.11:003][349]LogModuleManager: Shutting down and abandoning module VREditor (228)
[2021.12.14-16.10.11:003][349]LogModuleManager: Shutting down and abandoning module StringTableEditor (226)
[2021.12.14-16.10.11:003][349]LogModuleManager: Shutting down and abandoning module GameplayTasksEditor (224)
[2021.12.14-16.10.11:003][349]LogModuleManager: Shutting down and abandoning module BehaviorTreeEditor (222)
[2021.12.14-16.10.11:003][349]LogModuleManager: Shutting down and abandoning module FunctionalTesting (220)
[2021.12.14-16.10.11:003][349]LogModuleManager: Shutting down and abandoning module CollisionAnalyzer (218)
[2021.12.14-16.10.11:003][349]LogModuleManager: Shutting down and abandoning module WorkspaceMenuStructure (217)
[2021.12.14-16.10.11:003][349]LogModuleManager: Shutting down and abandoning module UMG (214)
[2021.12.14-16.10.11:003][349]LogModuleManager: Shutting down and abandoning module UMGEditor (213)
[2021.12.14-16.10.11:003][349]LogModuleManager: Shutting down and abandoning module Sequencer (212)
[2021.12.14-16.10.11:003][349]LogModuleManager: Shutting down and abandoning module MessageLog (209)
[2021.12.14-16.10.11:003][349]LogModuleManager: Shutting down and abandoning module SlateReflector (204)
[2021.12.14-16.10.11:004][349]LogModuleManager: Shutting down and abandoning module Slate (202)
[2021.12.14-16.10.11:004][349]LogModuleManager: Shutting down and abandoning module EditorStyle (200)
[2021.12.14-16.10.11:006][349]LogModuleManager: Shutting down and abandoning module MRMesh (198)
[2021.12.14-16.10.11:006][349]LogModuleManager: Shutting down and abandoning module SourceCodeAccess (196)
[2021.12.14-16.10.11:006][349]LogModuleManager: Shutting down and abandoning module HeadMountedDisplay (194)
[2021.12.14-16.10.11:006][349]LogModuleManager: Shutting down and abandoning module XAudio2 (192)
[2021.12.14-16.10.11:006][349]LogModuleManager: Shutting down and abandoning module Networking (190)
[2021.12.14-16.10.11:007][349]LogModuleManager: Shutting down and abandoning module Core (188)
[2021.12.14-16.10.11:007][349]LogModuleManager: Shutting down and abandoning module LevelSequence (186)
[2021.12.14-16.10.11:007][349]LogModuleManager: Shutting down and abandoning module KismetCompiler (184)
[2021.12.14-16.10.11:007][349]LogModuleManager: Shutting down and abandoning module MeshUtilities (182)
[2021.12.14-16.10.11:007][349]LogModuleManager: Shutting down and abandoning module MeshMergeUtilities (181)
[2021.12.14-16.10.11:007][349]LogModuleManager: Shutting down and abandoning module MeshReductionInterface (180)
[2021.12.14-16.10.11:007][349]LogModuleManager: Shutting down and abandoning module SimplygonSwarm (179)
[2021.12.14-16.10.11:007][349]LogModuleManager: Shutting down and abandoning module ProxyLODMeshReduction (177)
[2021.12.14-16.10.11:007][349]LogModuleManager: Shutting down and abandoning module SimplygonMeshReduction (175)
[2021.12.14-16.10.11:007][349]LogModuleManager: Shutting down and abandoning module QuadricMeshReduction (173)
[2021.12.14-16.10.11:007][349]LogModuleManager: Shutting down and abandoning module MaterialBaking (169)
[2021.12.14-16.10.11:007][349]LogModuleManager: Shutting down and abandoning module DirectoryWatcher (165)
[2021.12.14-16.10.11:007][349]LogModuleManager: Shutting down and abandoning module DerivedDataCache (162)
[2021.12.14-16.10.11:050][349]LogDerivedDataCache: Shutdown
[2021.12.14-16.10.11:050][349]LogModuleManager: Shutting down and abandoning module XGEController (160)
[2021.12.14-16.10.11:050][349]LogXGEController: Cleaning working directory: C:/Users/anusiak/AppData/Local/Temp/UnrealXGEWorkingDir/
[2021.12.14-16.10.11:050][349]LogModuleManager: Shutting down and abandoning module TargetPlatform (158)
[2021.12.14-16.10.11:050][349]LogModuleManager: Shutting down and abandoning module VulkanShaderFormat (157)
[2021.12.14-16.10.11:050][349]LogModuleManager: Shutting down and abandoning module ShaderFormatVectorVM (155)
[2021.12.14-16.10.11:050][349]LogModuleManager: Shutting down and abandoning module ShaderFormatOpenGL (153)
[2021.12.14-16.10.11:050][349]LogModuleManager: Shutting down and abandoning module ShaderFormatD3D (151)
[2021.12.14-16.10.11:050][349]LogModuleManager: Shutting down and abandoning module MetalShaderFormat (149)
[2021.12.14-16.10.11:050][349]LogModuleManager: Shutting down and abandoning module TextureFormatUncompressed (147)
[2021.12.14-16.10.11:050][349]LogModuleManager: Shutting down and abandoning module TextureFormatPVR (145)
[2021.12.14-16.10.11:051][349]LogModuleManager: Shutting down and abandoning module TextureFormatDXT (143)
[2021.12.14-16.10.11:051][349]LogModuleManager: Shutting down and abandoning module TextureFormatIntelISPCTexComp (141)
[2021.12.14-16.10.11:051][349]LogModuleManager: Shutting down and abandoning module TextureFormatASTC (139)
[2021.12.14-16.10.11:051][349]LogModuleManager: Shutting down and abandoning module ImageWrapper (138)
[2021.12.14-16.10.11:051][349]LogModuleManager: Shutting down and abandoning module TextureFormatAndroid (135)
[2021.12.14-16.10.11:051][349]LogModuleManager: Shutting down and abandoning module AudioFormatOpus (133)
[2021.12.14-16.10.11:051][349]LogModuleManager: Shutting down and abandoning module AudioFormatOgg (131)
[2021.12.14-16.10.11:051][349]LogModuleManager: Shutting down and abandoning module AudioFormatADPCM (129)
[2021.12.14-16.10.11:051][349]LogModuleManager: Shutting down and abandoning module LuminTargetPlatform (127)
[2021.12.14-16.10.11:051][349]LogModuleManager: Shutting down and abandoning module LinuxTargetPlatform (125)
[2021.12.14-16.10.11:051][349]LogModuleManager: Shutting down and abandoning module LinuxServerTargetPlatform (123)
[2021.12.14-16.10.11:051][349]LogModuleManager: Shutting down and abandoning module LinuxNoEditorTargetPlatform (121)
[2021.12.14-16.10.11:051][349]LogModuleManager: Shutting down and abandoning module LinuxClientTargetPlatform (119)
[2021.12.14-16.10.11:051][349]LogModuleManager: Shutting down and abandoning module TVOSTargetPlatform (117)
[2021.12.14-16.10.11:053][349]LogModuleManager: Shutting down and abandoning module Messaging (115)
[2021.12.14-16.10.11:053][349]LogModuleManager: Shutting down and abandoning module IOSTargetPlatform (113)
[2021.12.14-16.10.11:054][349]LogModuleManager: Shutting down and abandoning module HTML5TargetPlatform (111)
[2021.12.14-16.10.11:054][349]LogModuleManager: Shutting down and abandoning module AndroidTargetPlatform (109)
[2021.12.14-16.10.11:063][349]LogModuleManager: Shutting down and abandoning module WindowsTargetPlatform (107)
[2021.12.14-16.10.11:063][349]LogModuleManager: Shutting down and abandoning module WindowsServerTargetPlatform (105)
[2021.12.14-16.10.11:063][349]LogModuleManager: Shutting down and abandoning module WindowsNoEditorTargetPlatform (103)
[2021.12.14-16.10.11:063][349]LogModuleManager: Shutting down and abandoning module WindowsClientTargetPlatform (101)
[2021.12.14-16.10.11:063][349]LogModuleManager: Shutting down and abandoning module MacTargetPlatform (99)
[2021.12.14-16.10.11:063][349]LogModuleManager: Shutting down and abandoning module MacServerTargetPlatform (97)
[2021.12.14-16.10.11:063][349]LogModuleManager: Shutting down and abandoning module MacNoEditorTargetPlatform (95)
[2021.12.14-16.10.11:063][349]LogModuleManager: Shutting down and abandoning module MacClientTargetPlatform (93)
[2021.12.14-16.10.11:063][349]LogModuleManager: Shutting down and abandoning module AllDesktopTargetPlatform (91)
[2021.12.14-16.10.11:063][349]LogModuleManager: Shutting down and abandoning module InputCore (88)
[2021.12.14-16.10.11:063][349]LogModuleManager: Shutting down and abandoning module Settings (86)
[2021.12.14-16.10.11:063][349]LogModuleManager: Shutting down and abandoning module PhysXCooking (84)
[2021.12.14-16.10.11:063][349]LogModuleManager: Shutting down and abandoning module SteamVR (82)
[2021.12.14-16.10.11:063][349]LogModuleManager: Shutting down and abandoning module OculusHMD (80)
[2021.12.14-16.10.11:063][349]LogModuleManager: Shutting down and abandoning module ExampleDeviceProfileSelector (78)
[2021.12.14-16.10.11:064][349]LogModuleManager: Shutting down and abandoning module LauncherChunkInstaller (76)
[2021.12.14-16.10.11:064][349]LogModuleManager: Shutting down and abandoning module OnlineBlueprintSupport (74)
[2021.12.14-16.10.11:064][349]LogModuleManager: Shutting down and abandoning module OnlineSubsystem (70)
[2021.12.14-16.10.11:065][349]LogModuleManager: Shutting down and abandoning module XMPP (65)
[2021.12.14-16.10.11:065][349]LogModuleManager: Shutting down and abandoning module WebSockets (64)
[2021.12.14-16.10.11:086][349]LogModuleManager: Shutting down and abandoning module HTTP (61)
[2021.12.14-16.10.11:086][349]LogHttp: Display: Http module shutting down, but needs to wait on 1 outstanding Http requests:
[2021.12.14-16.10.11:086][349]LogHttp: Display: 	verb=[POST] url=[https://datarouter.ol.epicgames.com/datarouter/api/v1/public/data?SessionID=%7B35603CBC-466A-EC62-28F6-6CA6FF8879AF%7D&AppID=UEEditor.Rocket.Release&AppVersion=4.20.3-4369336%2B%2B%2BUE4%2BRelease-4.20&UserID=5fe247f341b3528bddfdb7b573999af9%7Cde9aa2e6bf314955a65b17b5d2956631%7C3dd65ef7-deab-4d83-b84d-cce462abd7a5&AppEnvironment=datacollector-binary&UploadType=eteventstream] status=Processing
[2021.12.14-16.10.11:093][349]LogModuleManager: Shutting down and abandoning module SSL (60)
[2021.12.14-16.10.11:096][349]LogModuleManager: Shutting down and abandoning module MagicLeapEmulator (56)
[2021.12.14-16.10.11:096][349]LogModuleManager: Shutting down and abandoning module MagicLeapPrivileges (54)
[2021.12.14-16.10.11:096][349]LogModuleManager: Shutting down and abandoning module MagicLeapIdentity (52)
[2021.12.14-16.10.11:096][349]LogModuleManager: Shutting down and abandoning module MagicLeapHelperVulkan (50)
[2021.12.14-16.10.11:096][349]LogModuleManager: Shutting down and abandoning module MagicLeapHelperOpenGL (48)
[2021.12.14-16.10.11:096][349]LogModuleManager: Shutting down and abandoning module MagicLeapSecureStorage (46)
[2021.12.14-16.10.11:096][349]LogModuleManager: Shutting down and abandoning module MagicLeapGestures (44)
[2021.12.14-16.10.11:096][349]LogModuleManager: Shutting down and abandoning module MagicLeapEyeTracker (42)
[2021.12.14-16.10.11:096][349]LogModuleManager: Shutting down and abandoning module MagicLeapController (40)
[2021.12.14-16.10.11:096][349]LogSlate: Slate User Destroyed.  User Index 0, Is Virtual User: 0
[2021.12.14-16.10.11:096][349]LogModuleManager: Shutting down and abandoning module MagicLeap (38)
[2021.12.14-16.10.11:097][349]LogModuleManager: Shutting down and abandoning module AnimationModifiers (36)
[2021.12.14-16.10.11:097][349]LogModuleManager: Shutting down and abandoning module PropertyEditor (35)
[2021.12.14-16.10.11:097][349]LogModuleManager: Shutting down and abandoning module AudioEditor (32)
[2021.12.14-16.10.11:097][349]LogModuleManager: Shutting down and abandoning module TextureCompressor (30)
[2021.12.14-16.10.11:097][349]LogModuleManager: Shutting down and abandoning module ShaderCore (28)
[2021.12.14-16.10.11:097][349]LogModuleManager: Shutting down and abandoning module Landscape (26)
[2021.12.14-16.10.11:097][349]LogModuleManager: Shutting down and abandoning module SlateRHIRenderer (24)
[2021.12.14-16.10.11:098][349]LogModuleManager: Shutting down and abandoning module OpenGLDrv (22)
[2021.12.14-16.10.11:098][349]LogModuleManager: Shutting down and abandoning module D3D11RHI (20)
[2021.12.14-16.10.11:098][349]LogModuleManager: Shutting down and abandoning module AnimGraphRuntime (18)
[2021.12.14-16.10.11:098][349]LogModuleManager: Shutting down and abandoning module Renderer (16)
[2021.12.14-16.10.11:098][349]LogModuleManager: Shutting down and abandoning module Engine (14)
[2021.12.14-16.10.11:098][349]LogModuleManager: Shutting down and abandoning module CoreUObject (12)
[2021.12.14-16.10.11:098][349]LogModuleManager: Shutting down and abandoning module NetworkFile (10)
[2021.12.14-16.10.11:098][349]LogModuleManager: Shutting down and abandoning module CookedIterativeFile (8)
[2021.12.14-16.10.11:098][349]LogModuleManager: Shutting down and abandoning module StreamingFile (6)
[2021.12.14-16.10.11:098][349]LogModuleManager: Shutting down and abandoning module SandboxFile (4)
[2021.12.14-16.10.11:098][349]LogModuleManager: Shutting down and abandoning module PakFile (2)
[2021.12.14-16.10.11:116][349]LogExit: Exiting.
[2021.12.14-16.10.11:122][349]Log file closed, 12/14/21 17:10:11
